<?xml version="1.0" encoding="UTF-8"?>
<testng-results total="2" passed="2" failed="0" skipped="0">
  <reporter-output>
  </reporter-output>
  <suite started-at="2022-04-26T12:15:18Z" name="Suite1" finished-at="2022-04-26T12:15:18Z" duration-ms="52">
    <groups>
    </groups>
    <test started-at="2022-04-26T12:15:18Z" name="Nopackage" finished-at="2022-04-26T12:15:18Z" duration-ms="52">
      <class name="testng.TC001">
        <test-method signature="exit()[pri:0, instance:testng.TC001@209da20d]" started-at="2022-04-26T17:45:18Z" name="exit" finished-at="2022-04-26T17:45:18Z" duration-ms="20" status="PASS">
          <reporter-output>
          </reporter-output>
        </test-method> <!-- exit -->
        <test-method signature="opner()[pri:0, instance:testng.TC001@209da20d]" started-at="2022-04-26T17:45:18Z" name="opner" finished-at="2022-04-26T17:45:18Z" duration-ms="3" status="PASS">
          <reporter-output>
          </reporter-output>
        </test-method> <!-- opner -->
      </class> <!-- testng.TC001 -->
    </test> <!-- Nopackage -->
  </suite> <!-- Suite1 -->
</testng-results>
